Deploying function (may take a while - up to 2 minutes)...
..
For Cloud Build Logs, visit: https://console.cloud.google.com/cloud-build/builds;region=us-central1/d9ee6679-be0b-4125-98f9-a61382e89bb4?project=735756216267
..................................................................done.
availableMemoryMb: 256
buildId: d9ee6679-be0b-4125-98f9-a61382e89bb4
buildName: projects/735756216267/locations/us-central1/builds/d9ee6679-be0b-4125-98f9-a61382e89bb4
dockerRegistry: CONTAINER_REGISTRY
entryPoint: Geturls
httpsTrigger:
  securityLevel: SECURE_OPTIONAL
  url: https://us-central1-send-this-42ae.cloudfunctions.net/geturls
ingressSettings: ALLOW_ALL
labels:
  deployment-tool: cli-gcloud
name: projects/send-this-42ae/locations/us-central1/functions/geturls
runtime: go116
secretEnvironmentVariables:
- key: SA_KEY
  projectId: '735756216267'
  secret: send-this-sa-key
  version: latest
serviceAccountEmail: send-this-42ae@appspot.gserviceaccount.com
sourceUploadUrl: https://storage.googleapis.com/uploads-723720882702.us-central1.cloudfunctions.appspot.com/85dba029-051b-4e3d-80b6-8dbb79364986.zip
status: ACTIVE
timeout: 60s
updateTime: '2022-04-23T23:32:23.700Z'
versionId: '20'
